Using pre-set license
Built from '2020.2/release' branch; Version is '2020.2.2f1 (068178b99f32) revision 426360'; Using compiler version '192528614'; Build Type 'Release'
OS: 'Windows 10 Education; OS build 19042.867; Version 2009; 64bit' Language: 'en' Physical Memory: 8129 MB
BatchMode: 1, IsHumanControllingUs: 0, StartBugReporterOnCrash: 0, Is64bit: 1, IsPro: 0

 COMMAND LINE ARGUMENTS:
D:\2020.2.2f1\Editor\Unity.exe
-adb2
-batchMode
-noUpm
-name
AssetImportWorker0
-projectPath
D:/unity projects/Asteroid
-logFile
Logs/AssetImportWorker0.log
-srvPort
50602
Successfully changed project path to: D:/unity projects/Asteroid
D:/unity projects/Asteroid
Using Asset Import Pipeline V2.
Refreshing native plugins compatible for Editor in 48.36 ms, found 1 plugins.
Preloading 0 native plugins for Editor in 0.00 ms.
Initialize engine version: 2020.2.2f1 (068178b99f32)
[Subsystems] Discovering subsystems at path D:/2020.2.2f1/Editor/Data/Resources/UnitySubsystems
[Subsystems] Discovering subsystems at path D:/unity projects/Asteroid/Assets
GfxDevice: creating device client; threaded=0
Direct3D:
    Version:  Direct3D 11.0 [level 11.1]
    Renderer: NVIDIA GeForce GTX 1060 6GB (ID=0x1c03)
    Vendor:   
    VRAM:     6052 MB
    Driver:   27.21.14.6192
Initialize mono
Mono path[0] = 'D:/2020.2.2f1/Editor/Data/Managed'
Mono path[1] = 'D:/2020.2.2f1/Editor/Data/MonoBleedingEdge/lib/mono/unityjit'
Mono config path = 'D:/2020.2.2f1/Editor/Data/MonoBleedingEdge/etc'
Using monoOptions --debugger-agent=transport=dt_socket,embedding=1,server=y,suspend=n,address=127.0.0.1:56176
Begin MonoManager ReloadAssembly
Registering precompiled unity dll's ...
Register platform support module: D:/2020.2.2f1/Editor/Data/PlaybackEngines/WindowsStandaloneSupport/UnityEditor.WindowsStandalone.Extensions.dll
Registered in 0.001391 seconds.
Native extension for WindowsStandalone target not found
Refreshing native plugins compatible for Editor in 49.29 ms, found 1 plugins.
Preloading 0 native plugins for Editor in 0.00 ms.
Invoked RoslynAnalysisRunner static constructor.
RoslynAnalysisRunner will not be running.
RoslynAnalysisRunner has terminated.
Mono: successfully reloaded assembly
- Completed reload, in  1.586 seconds
Platform modules already initialized, skipping
Registering precompiled user dll's ...
Registered in 0.000863 seconds.
Begin MonoManager ReloadAssembly
Native extension for WindowsStandalone target not found
Refreshing native plugins compatible for Editor in 49.59 ms, found 1 plugins.
Preloading 0 native plugins for Editor in 0.00 ms.
Invoked RoslynAnalysisRunner static constructor.
RoslynAnalysisRunner will not be running.
RoslynAnalysisRunner has terminated.
Mono: successfully reloaded assembly
- Completed reload, in  1.343 seconds
Platform modules already initialized, skipping
========================================================================
Worker process is ready to serve import requests
Launched and connected shader compiler UnityShaderCompiler.exe after 0.07 seconds
Refreshing native plugins compatible for Editor in 0.36 ms, found 1 plugins.
Preloading 0 native plugins for Editor in 0.00 ms.
Unloading 1793 Unused Serialized files (Serialized files now loaded: 0)
System memory in use before: 84.2 MB.
System memory in use after: 84.2 MB.

Unloading 24 unused Assets to reduce memory usage. Loaded Objects now: 2234.
Total: 2.429900 ms (FindLiveObjects: 0.205800 ms CreateObjectMapping: 0.195600 ms MarkObjects: 1.892200 ms  DeleteObjects: 0.135000 ms)

========================================================================
Received Import Request.
  path: Assets/Scripts/Euclidean Torus.cs
  artifactKey: Guid(b7ef53944067f604abd9cadca9043a77) Importer(815301076,1909f56bfc062723c751e8b465ee728b)
Start importing Assets/Scripts/Euclidean Torus.cs using Guid(b7ef53944067f604abd9cadca9043a77) Importer(815301076,1909f56bfc062723c751e8b465ee728b)  -> (artifact id: '0a54d77296c4c985da92e2b641f6c7ca') in 0.126851 seconds
  Import took 0.130102 seconds .

========================================================================
Received Prepare
Registering precompiled user dll's ...
Registered in 0.001472 seconds.
Begin MonoManager ReloadAssembly
Native extension for WindowsStandalone target not found
Refreshing native plugins compatible for Editor in 0.66 ms, found 1 plugins.
Preloading 0 native plugins for Editor in 0.00 ms.
Invoked RoslynAnalysisRunner static constructor.
RoslynAnalysisRunner will not be running.
RoslynAnalysisRunner has terminated.
Mono: successfully reloaded assembly
- Completed reload, in  1.308 seconds
Platform modules already initialized, skipping
Refreshing native plugins compatible for Editor in 0.36 ms, found 1 plugins.
Preloading 0 native plugins for Editor in 0.00 ms.
Unloading 1788 Unused Serialized files (Serialized files now loaded: 0)
System memory in use before: 84.2 MB.
System memory in use after: 84.2 MB.

Unloading 12 unused Assets to reduce memory usage. Loaded Objects now: 2237.
Total: 2.314600 ms (FindLiveObjects: 0.201800 ms CreateObjectMapping: 0.082000 ms MarkObjects: 1.905300 ms  DeleteObjects: 0.123200 ms)

========================================================================
Received Import Request.
  Time since last request: 147.193855 seconds.
  path: Assets/Scripts/EuclideanTorus.cs
  artifactKey: Guid(b7ef53944067f604abd9cadca9043a77) Importer(815301076,1909f56bfc062723c751e8b465ee728b)
Start importing Assets/Scripts/EuclideanTorus.cs using Guid(b7ef53944067f604abd9cadca9043a77) Importer(815301076,1909f56bfc062723c751e8b465ee728b)  -> (artifact id: '7408e31e4bf02f8fcff85576c65b96c6') in 0.004349 seconds
  Import took 0.026280 seconds .

========================================================================
Received Prepare
Registering precompiled user dll's ...
Registered in 0.000968 seconds.
Begin MonoManager ReloadAssembly
Native extension for WindowsStandalone target not found
Refreshing native plugins compatible for Editor in 0.38 ms, found 1 plugins.
Preloading 0 native plugins for Editor in 0.00 ms.
Invoked RoslynAnalysisRunner static constructor.
RoslynAnalysisRunner will not be running.
RoslynAnalysisRunner has terminated.
Mono: successfully reloaded assembly
- Completed reload, in  1.210 seconds
Platform modules already initialized, skipping
Refreshing native plugins compatible for Editor in 0.40 ms, found 1 plugins.
Preloading 0 native plugins for Editor in 0.00 ms.
Unloading 1788 Unused Serialized files (Serialized files now loaded: 0)
System memory in use before: 84.3 MB.
System memory in use after: 84.3 MB.

Unloading 12 unused Assets to reduce memory usage. Loaded Objects now: 2240.
Total: 2.230100 ms (FindLiveObjects: 0.209700 ms CreateObjectMapping: 0.076800 ms MarkObjects: 1.820100 ms  DeleteObjects: 0.111000 ms)

========================================================================
Received Import Request.
  Time since last request: 99.072057 seconds.
  path: ProjectSettings/TagManager.asset
  artifactKey: Guid(00000000000000003000000000000000) Importer(815301076,1909f56bfc062723c751e8b465ee728b)
Start importing ProjectSettings/TagManager.asset using Guid(00000000000000003000000000000000) Importer(815301076,1909f56bfc062723c751e8b465ee728b)  -> (artifact id: 'e8c3ab6b558fa7fe7c42e9a55a892947') in 0.020667 seconds
  Import took 0.046377 seconds .

========================================================================
Received Prepare
Registering precompiled user dll's ...
Registered in 0.002207 seconds.
Begin MonoManager ReloadAssembly
Native extension for WindowsStandalone target not found
Refreshing native plugins compatible for Editor in 0.38 ms, found 1 plugins.
Preloading 0 native plugins for Editor in 0.00 ms.
Invoked RoslynAnalysisRunner static constructor.
RoslynAnalysisRunner will not be running.
RoslynAnalysisRunner has terminated.
Mono: successfully reloaded assembly
- Completed reload, in  1.130 seconds
Platform modules already initialized, skipping
Refreshing native plugins compatible for Editor in 0.37 ms, found 1 plugins.
Preloading 0 native plugins for Editor in 0.00 ms.
Unloading 1788 Unused Serialized files (Serialized files now loaded: 0)
System memory in use before: 84.4 MB.
System memory in use after: 84.4 MB.

Unloading 13 unused Assets to reduce memory usage. Loaded Objects now: 2243.
Total: 2.428000 ms (FindLiveObjects: 0.388500 ms CreateObjectMapping: 0.076300 ms MarkObjects: 1.847300 ms  DeleteObjects: 0.114200 ms)

========================================================================
Received Import Request.
  Time since last request: 271.448841 seconds.
  path: ProjectSettings/TagManager.asset
  artifactKey: Guid(00000000000000003000000000000000) Importer(815301076,1909f56bfc062723c751e8b465ee728b)
Start importing ProjectSettings/TagManager.asset using Guid(00000000000000003000000000000000) Importer(815301076,1909f56bfc062723c751e8b465ee728b)  -> (artifact id: 'c1ec79a4c244c6326e7296d0a94380ac') in 0.017575 seconds
  Import took 0.042177 seconds .

========================================================================
Received Import Request.
  Time since last request: 33.536797 seconds.
  path: Assets/Prefabs/small-asteroid.prefab
  artifactKey: Guid(7d950fa094be47643b51985c52d0dfa2) Importer(815301076,1909f56bfc062723c751e8b465ee728b)
Start importing Assets/Prefabs/small-asteroid.prefab using Guid(7d950fa094be47643b51985c52d0dfa2) Importer(815301076,1909f56bfc062723c751e8b465ee728b)  -> (artifact id: '0ba4fb4bc3af38cd078bc71fee033e2d') in 0.220996 seconds
  Import took 0.225029 seconds .

========================================================================
Received Import Request.
  Time since last request: 2.687725 seconds.
  path: Assets/Prefabs/large-asteroid.prefab
  artifactKey: Guid(5dffd90b4ff0c7146bc896e58444a98c) Importer(815301076,1909f56bfc062723c751e8b465ee728b)
Start importing Assets/Prefabs/large-asteroid.prefab using Guid(5dffd90b4ff0c7146bc896e58444a98c) Importer(815301076,1909f56bfc062723c751e8b465ee728b)  -> (artifact id: 'bf3053ef642a6411bb2ceb6d2ed97a04') in 0.010454 seconds
  Import took 0.033310 seconds .

========================================================================
Received Import Request.
  Time since last request: 0.001431 seconds.
  path: Assets/Prefabs/large-asteroid.prefab
  artifactKey: Guid(5dffd90b4ff0c7146bc896e58444a98c) Importer(815301076,1909f56bfc062723c751e8b465ee728b)
Start importing Assets/Prefabs/large-asteroid.prefab using Guid(5dffd90b4ff0c7146bc896e58444a98c) Importer(815301076,1909f56bfc062723c751e8b465ee728b)  -> (artifact id: 'bf3053ef642a6411bb2ceb6d2ed97a04') in 0.007938 seconds
  Import took 0.014411 seconds .

========================================================================
Received Import Request.
  Time since last request: 1.818032 seconds.
  path: Assets/Prefabs/bullet.prefab
  artifactKey: Guid(77e61c66a78ed1e439536b6affca812f) Importer(815301076,1909f56bfc062723c751e8b465ee728b)
Start importing Assets/Prefabs/bullet.prefab using Guid(77e61c66a78ed1e439536b6affca812f) Importer(815301076,1909f56bfc062723c751e8b465ee728b)  -> (artifact id: '2d75168275804cf8d10943ec4f6a679f') in 0.007269 seconds
  Import took 0.011731 seconds .

========================================================================
Received Import Request.
  Time since last request: 0.013453 seconds.
  path: Assets/Prefabs/bullet.prefab
  artifactKey: Guid(77e61c66a78ed1e439536b6affca812f) Importer(815301076,1909f56bfc062723c751e8b465ee728b)
Start importing Assets/Prefabs/bullet.prefab using Guid(77e61c66a78ed1e439536b6affca812f) Importer(815301076,1909f56bfc062723c751e8b465ee728b)  -> (artifact id: '2d75168275804cf8d10943ec4f6a679f') in 0.007923 seconds
  Import took 0.012493 seconds .

========================================================================
Received Import Request.
  Time since last request: 345.959664 seconds.
  path: Assets/Physics Materials/Asteroids Material.physicsMaterial2D
  artifactKey: Guid(45f2b0b56e46ec44e9ff2e301967a69d) Importer(815301076,1909f56bfc062723c751e8b465ee728b)
Start importing Assets/Physics Materials/Asteroids Material.physicsMaterial2D using Guid(45f2b0b56e46ec44e9ff2e301967a69d) Importer(815301076,1909f56bfc062723c751e8b465ee728b)  -> (artifact id: '36ee1c0a7a0b0f4c64f63cfa1bb4cdd5') in 0.004324 seconds
  Import took 0.008874 seconds .

========================================================================
Received Import Request.
  Time since last request: 37.337948 seconds.
  path: Assets/Scripts/GameController.cs
  artifactKey: Guid(1d771b3df15bc394394d5219eb25fe41) Importer(815301076,1909f56bfc062723c751e8b465ee728b)
Start importing Assets/Scripts/GameController.cs using Guid(1d771b3df15bc394394d5219eb25fe41) Importer(815301076,1909f56bfc062723c751e8b465ee728b)  -> (artifact id: 'eb1d5f6022d9b21377666f20b355e114') in 0.001382 seconds
  Import took 0.020330 seconds .

========================================================================
Received Prepare
Registering precompiled user dll's ...
Registered in 0.000836 seconds.
Begin MonoManager ReloadAssembly
Native extension for WindowsStandalone target not found
Refreshing native plugins compatible for Editor in 0.38 ms, found 1 plugins.
Preloading 0 native plugins for Editor in 0.00 ms.
Invoked RoslynAnalysisRunner static constructor.
RoslynAnalysisRunner will not be running.
RoslynAnalysisRunner has terminated.
Mono: successfully reloaded assembly
- Completed reload, in  1.432 seconds
Platform modules already initialized, skipping
Refreshing native plugins compatible for Editor in 0.51 ms, found 1 plugins.
Preloading 0 native plugins for Editor in 0.00 ms.
Unloading 1789 Unused Serialized files (Serialized files now loaded: 0)
System memory in use before: 87.6 MB.
System memory in use after: 87.6 MB.

Unloading 13 unused Assets to reduce memory usage. Loaded Objects now: 2254.
Total: 12.014900 ms (FindLiveObjects: 0.231400 ms CreateObjectMapping: 0.084300 ms MarkObjects: 11.575000 ms  DeleteObjects: 0.122100 ms)

========================================================================
Received Prepare
Registering precompiled user dll's ...
Registered in 0.001202 seconds.
Begin MonoManager ReloadAssembly
Native extension for WindowsStandalone target not found
Refreshing native plugins compatible for Editor in 0.50 ms, found 1 plugins.
Preloading 0 native plugins for Editor in 0.00 ms.
Invoked RoslynAnalysisRunner static constructor.
RoslynAnalysisRunner will not be running.
RoslynAnalysisRunner has terminated.
Mono: successfully reloaded assembly
- Completed reload, in  1.159 seconds
Platform modules already initialized, skipping
Refreshing native plugins compatible for Editor in 0.39 ms, found 1 plugins.
Preloading 0 native plugins for Editor in 0.00 ms.
Unloading 1789 Unused Serialized files (Serialized files now loaded: 0)
System memory in use before: 87.7 MB.
System memory in use after: 87.7 MB.

Unloading 12 unused Assets to reduce memory usage. Loaded Objects now: 2257.
Total: 2.354800 ms (FindLiveObjects: 0.237900 ms CreateObjectMapping: 0.080600 ms MarkObjects: 1.920900 ms  DeleteObjects: 0.114200 ms)

========================================================================
Received Import Request.
  Time since last request: 75.105235 seconds.
  path: Assets/Scripts/GameController.cs
  artifactKey: Guid(1d771b3df15bc394394d5219eb25fe41) Importer(815301076,1909f56bfc062723c751e8b465ee728b)
Start importing Assets/Scripts/GameController.cs using Guid(1d771b3df15bc394394d5219eb25fe41) Importer(815301076,1909f56bfc062723c751e8b465ee728b)  -> (artifact id: 'c1dcad5405966183ff860a8c09af2c0e') in 0.003717 seconds
  Import took 0.007076 seconds .

========================================================================
Received Import Request.
  Time since last request: 42.744487 seconds.
  path: Assets/Scripts/New Folder
  artifactKey: Guid(fdebe0d6b2e596b4f879c32e0052f95c) Importer(815301076,1909f56bfc062723c751e8b465ee728b)
Start importing Assets/Scripts/New Folder using Guid(fdebe0d6b2e596b4f879c32e0052f95c) Importer(815301076,1909f56bfc062723c751e8b465ee728b)  -> (artifact id: '9a4febb0d43f7430c83bdc0f16e6488d') in 0.002907 seconds
  Import took 0.009488 seconds .

========================================================================
Received Import Request.
  Time since last request: 11.527070 seconds.
  path: Assets/Scripts/BulletController.cs
  artifactKey: Guid(2586d39a6cf412b428d7157449d0a5bf) Importer(815301076,1909f56bfc062723c751e8b465ee728b)
Start importing Assets/Scripts/BulletController.cs using Guid(2586d39a6cf412b428d7157449d0a5bf) Importer(815301076,1909f56bfc062723c751e8b465ee728b)  -> (artifact id: '59c83acf6e9a3b5cbecb2a048076d144') in 0.004559 seconds
  Import took 0.009830 seconds .

========================================================================
Received Prepare
Registering precompiled user dll's ...
Registered in 0.000887 seconds.
Begin MonoManager ReloadAssembly
Native extension for WindowsStandalone target not found
Refreshing native plugins compatible for Editor in 0.37 ms, found 1 plugins.
Preloading 0 native plugins for Editor in 0.00 ms.
Invoked RoslynAnalysisRunner static constructor.
RoslynAnalysisRunner will not be running.
RoslynAnalysisRunner has terminated.
Mono: successfully reloaded assembly
- Completed reload, in  1.164 seconds
Platform modules already initialized, skipping
Refreshing native plugins compatible for Editor in 0.36 ms, found 1 plugins.
Preloading 0 native plugins for Editor in 0.00 ms.
Unloading 1790 Unused Serialized files (Serialized files now loaded: 0)
System memory in use before: 87.8 MB.
System memory in use after: 87.8 MB.

Unloading 12 unused Assets to reduce memory usage. Loaded Objects now: 2261.
Total: 2.236200 ms (FindLiveObjects: 0.216600 ms CreateObjectMapping: 0.076900 ms MarkObjects: 1.829900 ms  DeleteObjects: 0.111300 ms)

========================================================================
Received Prepare
Registering precompiled user dll's ...
Registered in 0.000875 seconds.
Begin MonoManager ReloadAssembly
Native extension for WindowsStandalone target not found
Refreshing native plugins compatible for Editor in 0.39 ms, found 1 plugins.
Preloading 0 native plugins for Editor in 0.00 ms.
Invoked RoslynAnalysisRunner static constructor.
RoslynAnalysisRunner will not be running.
RoslynAnalysisRunner has terminated.
Mono: successfully reloaded assembly
- Completed reload, in  1.098 seconds
Platform modules already initialized, skipping
Refreshing native plugins compatible for Editor in 0.56 ms, found 1 plugins.
Preloading 0 native plugins for Editor in 0.00 ms.
Unloading 1790 Unused Serialized files (Serialized files now loaded: 0)
System memory in use before: 87.9 MB.
System memory in use after: 87.9 MB.

Unloading 12 unused Assets to reduce memory usage. Loaded Objects now: 2264.
Total: 3.234400 ms (FindLiveObjects: 0.257300 ms CreateObjectMapping: 0.269300 ms MarkObjects: 2.582200 ms  DeleteObjects: 0.123500 ms)

========================================================================
Received Import Request.
  Time since last request: 155.261572 seconds.
  path: Assets/Scripts/BulletController.cs
  artifactKey: Guid(2586d39a6cf412b428d7157449d0a5bf) Importer(815301076,1909f56bfc062723c751e8b465ee728b)
Start importing Assets/Scripts/BulletController.cs using Guid(2586d39a6cf412b428d7157449d0a5bf) Importer(815301076,1909f56bfc062723c751e8b465ee728b)  -> (artifact id: 'be52a3f89525251d7de3f4963f956572') in 0.004125 seconds
  Import took 0.007637 seconds .

========================================================================
Received Import Request.
  Time since last request: 7.386632 seconds.
  path: Assets/Scripts/AsteroidController.cs
  artifactKey: Guid(0af19b9e22135634db18bb4139113cad) Importer(815301076,1909f56bfc062723c751e8b465ee728b)
Start importing Assets/Scripts/AsteroidController.cs using Guid(0af19b9e22135634db18bb4139113cad) Importer(815301076,1909f56bfc062723c751e8b465ee728b)  -> (artifact id: '922c6916c5525b9de5b4fc426f265f8c') in 0.007194 seconds
  Import took 0.011707 seconds .

========================================================================
Received Prepare
Registering precompiled user dll's ...
Registered in 0.001008 seconds.
Begin MonoManager ReloadAssembly
Native extension for WindowsStandalone target not found
Refreshing native plugins compatible for Editor in 0.37 ms, found 1 plugins.
Preloading 0 native plugins for Editor in 0.00 ms.
Invoked RoslynAnalysisRunner static constructor.
RoslynAnalysisRunner will not be running.
RoslynAnalysisRunner has terminated.
Mono: successfully reloaded assembly
- Completed reload, in  1.271 seconds
Platform modules already initialized, skipping
Refreshing native plugins compatible for Editor in 0.36 ms, found 1 plugins.
Preloading 0 native plugins for Editor in 0.00 ms.
Unloading 1791 Unused Serialized files (Serialized files now loaded: 0)
System memory in use before: 87.9 MB.
System memory in use after: 87.9 MB.

Unloading 12 unused Assets to reduce memory usage. Loaded Objects now: 2268.
Total: 5.219400 ms (FindLiveObjects: 0.197500 ms CreateObjectMapping: 0.075000 ms MarkObjects: 4.818100 ms  DeleteObjects: 0.127000 ms)

========================================================================
Received Prepare
Registering precompiled user dll's ...
Registered in 0.000861 seconds.
Begin MonoManager ReloadAssembly
Native extension for WindowsStandalone target not found
Refreshing native plugins compatible for Editor in 0.37 ms, found 1 plugins.
Preloading 0 native plugins for Editor in 0.00 ms.
Invoked RoslynAnalysisRunner static constructor.
RoslynAnalysisRunner will not be running.
RoslynAnalysisRunner has terminated.
Mono: successfully reloaded assembly
- Completed reload, in  1.121 seconds
Platform modules already initialized, skipping
Refreshing native plugins compatible for Editor in 0.48 ms, found 1 plugins.
Preloading 0 native plugins for Editor in 0.00 ms.
Unloading 1791 Unused Serialized files (Serialized files now loaded: 0)
System memory in use before: 88.0 MB.
System memory in use after: 88.0 MB.

Unloading 12 unused Assets to reduce memory usage. Loaded Objects now: 2271.
Total: 2.214100 ms (FindLiveObjects: 0.198800 ms CreateObjectMapping: 0.075300 ms MarkObjects: 1.827000 ms  DeleteObjects: 0.111800 ms)

========================================================================
Received Import Request.
  Time since last request: 273.068016 seconds.
  path: Assets/Scripts/ShipController.cs
  artifactKey: Guid(fcfbbfaf18a9b7e418d3ec741503fcf1) Importer(815301076,1909f56bfc062723c751e8b465ee728b)
Start importing Assets/Scripts/ShipController.cs using Guid(fcfbbfaf18a9b7e418d3ec741503fcf1) Importer(815301076,1909f56bfc062723c751e8b465ee728b)  -> (artifact id: 'de4db5d9f8e8b64fecd58e20981afb21') in 0.008290 seconds
  Import took 0.014007 seconds .

========================================================================
Received Prepare
Registering precompiled user dll's ...
Registered in 0.001118 seconds.
Begin MonoManager ReloadAssembly
Native extension for WindowsStandalone target not found
Refreshing native plugins compatible for Editor in 0.37 ms, found 1 plugins.
Preloading 0 native plugins for Editor in 0.00 ms.
Invoked RoslynAnalysisRunner static constructor.
RoslynAnalysisRunner will not be running.
RoslynAnalysisRunner has terminated.
Mono: successfully reloaded assembly
- Completed reload, in  1.846 seconds
Platform modules already initialized, skipping
Refreshing native plugins compatible for Editor in 0.36 ms, found 1 plugins.
Preloading 0 native plugins for Editor in 0.00 ms.
Unloading 1792 Unused Serialized files (Serialized files now loaded: 0)
System memory in use before: 88.1 MB.
System memory in use after: 88.1 MB.

Unloading 12 unused Assets to reduce memory usage. Loaded Objects now: 2275.
Total: 2.485300 ms (FindLiveObjects: 0.260000 ms CreateObjectMapping: 0.094900 ms MarkObjects: 1.976600 ms  DeleteObjects: 0.151500 ms)

========================================================================
Received Prepare
Registering precompiled user dll's ...
Registered in 0.000902 seconds.
Begin MonoManager ReloadAssembly
Native extension for WindowsStandalone target not found
Refreshing native plugins compatible for Editor in 0.40 ms, found 1 plugins.
Preloading 0 native plugins for Editor in 0.00 ms.
Invoked RoslynAnalysisRunner static constructor.
RoslynAnalysisRunner will not be running.
RoslynAnalysisRunner has terminated.
Mono: successfully reloaded assembly
- Completed reload, in  1.073 seconds
Platform modules already initialized, skipping
Refreshing native plugins compatible for Editor in 0.36 ms, found 1 plugins.
Preloading 0 native plugins for Editor in 0.00 ms.
Unloading 1792 Unused Serialized files (Serialized files now loaded: 0)
System memory in use before: 88.2 MB.
System memory in use after: 88.2 MB.

Unloading 12 unused Assets to reduce memory usage. Loaded Objects now: 2278.
Total: 2.866900 ms (FindLiveObjects: 0.408700 ms CreateObjectMapping: 0.104000 ms MarkObjects: 2.238000 ms  DeleteObjects: 0.114500 ms)

========================================================================
Received Import Request.
  Time since last request: 289.697971 seconds.
  path: Assets/Prefabs/large-asteroid.prefab
  artifactKey: Guid(5dffd90b4ff0c7146bc896e58444a98c) Importer(815301076,1909f56bfc062723c751e8b465ee728b)
Start importing Assets/Prefabs/large-asteroid.prefab using Guid(5dffd90b4ff0c7146bc896e58444a98c) Importer(815301076,1909f56bfc062723c751e8b465ee728b)  -> (artifact id: '6a84e764e671deb0dfc9ba5a13458ee9') in 0.098471 seconds
  Import took 0.132118 seconds .

========================================================================
Received Import Request.
  Time since last request: 18.173091 seconds.
  path: Assets/Prefabs/small-asteroid.prefab
  artifactKey: Guid(7d950fa094be47643b51985c52d0dfa2) Importer(815301076,1909f56bfc062723c751e8b465ee728b)
Start importing Assets/Prefabs/small-asteroid.prefab using Guid(7d950fa094be47643b51985c52d0dfa2) Importer(815301076,1909f56bfc062723c751e8b465ee728b)  -> (artifact id: '83e816fd8d915d076ac978c524e726e8') in 0.009278 seconds
  Import took 0.013818 seconds .

========================================================================
Received Import Request.
  Time since last request: 8.040333 seconds.
  path: Assets/Prefabs/small-asteroid.prefab
  artifactKey: Guid(7d950fa094be47643b51985c52d0dfa2) Importer(815301076,1909f56bfc062723c751e8b465ee728b)
Start importing Assets/Prefabs/small-asteroid.prefab using Guid(7d950fa094be47643b51985c52d0dfa2) Importer(815301076,1909f56bfc062723c751e8b465ee728b)  -> (artifact id: '9c0bb164794bababbfea1481d5c25e9a') in 0.019076 seconds
  Import took 0.022757 seconds .

========================================================================
Received Import Request.
  Time since last request: 0.002920 seconds.
  path: Assets/Prefabs/small-asteroid.prefab
  artifactKey: Guid(7d950fa094be47643b51985c52d0dfa2) Importer(815301076,1909f56bfc062723c751e8b465ee728b)
Start importing Assets/Prefabs/small-asteroid.prefab using Guid(7d950fa094be47643b51985c52d0dfa2) Importer(815301076,1909f56bfc062723c751e8b465ee728b)  -> (artifact id: '9c0bb164794bababbfea1481d5c25e9a') in 0.016844 seconds
  Import took 0.021418 seconds .

========================================================================
Received Import Request.
  Time since last request: 3.145188 seconds.
  path: Assets/Prefabs/large-asteroid.prefab
  artifactKey: Guid(5dffd90b4ff0c7146bc896e58444a98c) Importer(815301076,1909f56bfc062723c751e8b465ee728b)
Start importing Assets/Prefabs/large-asteroid.prefab using Guid(5dffd90b4ff0c7146bc896e58444a98c) Importer(815301076,1909f56bfc062723c751e8b465ee728b)  -> (artifact id: 'e29d9b677884a3f1b319ae3d97b4bc68') in 0.024720 seconds
  Import took 0.042258 seconds .

========================================================================
Received Import Request.
  Time since last request: 24.961695 seconds.
  path: Assets/Prefabs/bullet.prefab
  artifactKey: Guid(77e61c66a78ed1e439536b6affca812f) Importer(815301076,1909f56bfc062723c751e8b465ee728b)
Start importing Assets/Prefabs/bullet.prefab using Guid(77e61c66a78ed1e439536b6affca812f) Importer(815301076,1909f56bfc062723c751e8b465ee728b)  -> (artifact id: '95fa9eec001869f73176c8a7881395b4') in 0.007896 seconds
  Import took 0.012072 seconds .

========================================================================
Received Prepare
Registering precompiled user dll's ...
Registered in 0.001020 seconds.
Begin MonoManager ReloadAssembly
Native extension for WindowsStandalone target not found
Refreshing native plugins compatible for Editor in 0.39 ms, found 1 plugins.
Preloading 0 native plugins for Editor in 0.00 ms.
Invoked RoslynAnalysisRunner static constructor.
RoslynAnalysisRunner will not be running.
RoslynAnalysisRunner has terminated.
Mono: successfully reloaded assembly
- Completed reload, in  1.162 seconds
Platform modules already initialized, skipping
Refreshing native plugins compatible for Editor in 0.51 ms, found 1 plugins.
Preloading 0 native plugins for Editor in 0.00 ms.
Unloading 1792 Unused Serialized files (Serialized files now loaded: 0)
System memory in use before: 88.3 MB.
System memory in use after: 88.3 MB.

Unloading 12 unused Assets to reduce memory usage. Loaded Objects now: 2282.
Total: 2.620100 ms (FindLiveObjects: 0.182100 ms CreateObjectMapping: 0.070400 ms MarkObjects: 2.243800 ms  DeleteObjects: 0.122400 ms)

========================================================================
Received Import Request.
  Time since last request: 92.377867 seconds.
  path: Assets/Scripts/AsteroidController.cs
  artifactKey: Guid(0af19b9e22135634db18bb4139113cad) Importer(815301076,1909f56bfc062723c751e8b465ee728b)
Start importing Assets/Scripts/AsteroidController.cs using Guid(0af19b9e22135634db18bb4139113cad) Importer(815301076,1909f56bfc062723c751e8b465ee728b)  -> (artifact id: 'c86fa377ed29f684550fd1f1e8ccb5e0') in 0.005987 seconds
  Import took 0.009466 seconds .

========================================================================
Received Import Request.
  Time since last request: 0.021425 seconds.
  path: Assets/Scripts/AsteroidController.cs
  artifactKey: Guid(0af19b9e22135634db18bb4139113cad) Importer(815301076,1909f56bfc062723c751e8b465ee728b)
Start importing Assets/Scripts/AsteroidController.cs using Guid(0af19b9e22135634db18bb4139113cad) Importer(815301076,1909f56bfc062723c751e8b465ee728b)  -> (artifact id: 'c86fa377ed29f684550fd1f1e8ccb5e0') in 0.003810 seconds
  Import took 0.007958 seconds .

========================================================================
Received Prepare
Registering precompiled user dll's ...
Registered in 0.000908 seconds.
Begin MonoManager ReloadAssembly
Native extension for WindowsStandalone target not found
Refreshing native plugins compatible for Editor in 0.54 ms, found 1 plugins.
Preloading 0 native plugins for Editor in 0.00 ms.
Invoked RoslynAnalysisRunner static constructor.
RoslynAnalysisRunner will not be running.
RoslynAnalysisRunner has terminated.
Mono: successfully reloaded assembly
- Completed reload, in  1.275 seconds
Platform modules already initialized, skipping
Refreshing native plugins compatible for Editor in 0.37 ms, found 1 plugins.
Preloading 0 native plugins for Editor in 0.00 ms.
Unloading 1792 Unused Serialized files (Serialized files now loaded: 0)
System memory in use before: 88.3 MB.
System memory in use after: 88.3 MB.

Unloading 12 unused Assets to reduce memory usage. Loaded Objects now: 2285.
Total: 5.903100 ms (FindLiveObjects: 0.243000 ms CreateObjectMapping: 1.667300 ms MarkObjects: 3.848200 ms  DeleteObjects: 0.142200 ms)

========================================================================
Received Import Request.
  Time since last request: 13.968325 seconds.
  path: Assets/Scripts/AsteroidController.cs
  artifactKey: Guid(0af19b9e22135634db18bb4139113cad) Importer(815301076,1909f56bfc062723c751e8b465ee728b)
Start importing Assets/Scripts/AsteroidController.cs using Guid(0af19b9e22135634db18bb4139113cad) Importer(815301076,1909f56bfc062723c751e8b465ee728b)  -> (artifact id: '1771cf7ce1bf1b67dd24afc816b0aaa5') in 0.004781 seconds
  Import took 0.008441 seconds .

========================================================================
Received Prepare
Registering precompiled user dll's ...
Registered in 0.001062 seconds.
Begin MonoManager ReloadAssembly
Native extension for WindowsStandalone target not found
Refreshing native plugins compatible for Editor in 0.39 ms, found 1 plugins.
Preloading 0 native plugins for Editor in 0.00 ms.
Invoked RoslynAnalysisRunner static constructor.
RoslynAnalysisRunner will not be running.
RoslynAnalysisRunner has terminated.
Mono: successfully reloaded assembly
- Completed reload, in  1.144 seconds
Platform modules already initialized, skipping
Refreshing native plugins compatible for Editor in 0.35 ms, found 1 plugins.
Preloading 0 native plugins for Editor in 0.00 ms.
Unloading 1792 Unused Serialized files (Serialized files now loaded: 0)
System memory in use before: 88.4 MB.
System memory in use after: 88.4 MB.

Unloading 12 unused Assets to reduce memory usage. Loaded Objects now: 2288.
Total: 2.697400 ms (FindLiveObjects: 0.216100 ms CreateObjectMapping: 0.087600 ms MarkObjects: 2.273900 ms  DeleteObjects: 0.118600 ms)

========================================================================
Received Import Request.
  Time since last request: 21.214748 seconds.
  path: Assets/Scripts/GameController.cs
  artifactKey: Guid(1d771b3df15bc394394d5219eb25fe41) Importer(815301076,1909f56bfc062723c751e8b465ee728b)
Start importing Assets/Scripts/GameController.cs using Guid(1d771b3df15bc394394d5219eb25fe41) Importer(815301076,1909f56bfc062723c751e8b465ee728b)  -> (artifact id: '0ad8c9e1a56665596de1ea1542b5d0de') in 0.012035 seconds
  Import took 0.017103 seconds .

========================================================================
Received Prepare
Registering precompiled user dll's ...
Registered in 0.000950 seconds.
Begin MonoManager ReloadAssembly
Native extension for WindowsStandalone target not found
Refreshing native plugins compatible for Editor in 0.38 ms, found 1 plugins.
Preloading 0 native plugins for Editor in 0.00 ms.
Invoked RoslynAnalysisRunner static constructor.
RoslynAnalysisRunner will not be running.
RoslynAnalysisRunner has terminated.
Mono: successfully reloaded assembly
- Completed reload, in  1.116 seconds
Platform modules already initialized, skipping
Refreshing native plugins compatible for Editor in 0.62 ms, found 1 plugins.
Preloading 0 native plugins for Editor in 0.00 ms.
Unloading 1792 Unused Serialized files (Serialized files now loaded: 0)
System memory in use before: 88.5 MB.
System memory in use after: 88.5 MB.

Unloading 12 unused Assets to reduce memory usage. Loaded Objects now: 2291.
Total: 3.982600 ms (FindLiveObjects: 0.503700 ms CreateObjectMapping: 0.297000 ms MarkObjects: 3.071600 ms  DeleteObjects: 0.108300 ms)

========================================================================
Received Import Request.
  Time since last request: 4.519695 seconds.
  path: Assets/Scripts/ShipController.cs
  artifactKey: Guid(fcfbbfaf18a9b7e418d3ec741503fcf1) Importer(815301076,1909f56bfc062723c751e8b465ee728b)
Start importing Assets/Scripts/ShipController.cs using Guid(fcfbbfaf18a9b7e418d3ec741503fcf1) Importer(815301076,1909f56bfc062723c751e8b465ee728b)  -> (artifact id: '8b717f9b10a660c2c0e9f2f780efe181') in 0.004742 seconds
  Import took 0.021520 seconds .

========================================================================
Received Import Request.
  Time since last request: 0.000636 seconds.
  path: Assets/Scripts/ShipController.cs
  artifactKey: Guid(fcfbbfaf18a9b7e418d3ec741503fcf1) Importer(815301076,1909f56bfc062723c751e8b465ee728b)
Start importing Assets/Scripts/ShipController.cs using Guid(fcfbbfaf18a9b7e418d3ec741503fcf1) Importer(815301076,1909f56bfc062723c751e8b465ee728b)  -> (artifact id: '8b717f9b10a660c2c0e9f2f780efe181') in 0.001406 seconds
  Import took 0.006802 seconds .

========================================================================
Received Import Request.
  Time since last request: 5.208155 seconds.
  path: Assets/Scripts/ShipController.cs
  artifactKey: Guid(fcfbbfaf18a9b7e418d3ec741503fcf1) Importer(815301076,1909f56bfc062723c751e8b465ee728b)
Start importing Assets/Scripts/ShipController.cs using Guid(fcfbbfaf18a9b7e418d3ec741503fcf1) Importer(815301076,1909f56bfc062723c751e8b465ee728b)  -> (artifact id: '4775d7a4a36010bebc12dde8aa8b97fa') in 0.004119 seconds
  Import took 0.008289 seconds .

========================================================================
Received Prepare
Registering precompiled user dll's ...
Registered in 0.000885 seconds.
Begin MonoManager ReloadAssembly
Native extension for WindowsStandalone target not found
Refreshing native plugins compatible for Editor in 0.39 ms, found 1 plugins.
Preloading 0 native plugins for Editor in 0.00 ms.
Invoked RoslynAnalysisRunner static constructor.
RoslynAnalysisRunner will not be running.
RoslynAnalysisRunner has terminated.
Mono: successfully reloaded assembly
- Completed reload, in  1.088 seconds
Platform modules already initialized, skipping
Refreshing native plugins compatible for Editor in 0.56 ms, found 1 plugins.
Preloading 0 native plugins for Editor in 0.00 ms.
Unloading 1792 Unused Serialized files (Serialized files now loaded: 0)
System memory in use before: 88.5 MB.
System memory in use after: 88.5 MB.

Unloading 12 unused Assets to reduce memory usage. Loaded Objects now: 2294.
Total: 2.568700 ms (FindLiveObjects: 0.196400 ms CreateObjectMapping: 0.080300 ms MarkObjects: 2.175500 ms  DeleteObjects: 0.115000 ms)

========================================================================
Received Prepare
Registering precompiled user dll's ...
Registered in 0.000897 seconds.
Begin MonoManager ReloadAssembly
Native extension for WindowsStandalone target not found
Refreshing native plugins compatible for Editor in 0.44 ms, found 1 plugins.
Preloading 0 native plugins for Editor in 0.00 ms.
Invoked RoslynAnalysisRunner static constructor.
RoslynAnalysisRunner will not be running.
RoslynAnalysisRunner has terminated.
Mono: successfully reloaded assembly
- Completed reload, in  1.120 seconds
Platform modules already initialized, skipping
Refreshing native plugins compatible for Editor in 0.37 ms, found 1 plugins.
Preloading 0 native plugins for Editor in 0.00 ms.
Unloading 1792 Unused Serialized files (Serialized files now loaded: 0)
System memory in use before: 88.6 MB.
System memory in use after: 88.6 MB.

Unloading 12 unused Assets to reduce memory usage. Loaded Objects now: 2297.
Total: 3.052000 ms (FindLiveObjects: 0.208800 ms CreateObjectMapping: 0.081400 ms MarkObjects: 2.620700 ms  DeleteObjects: 0.139400 ms)

========================================================================
Received Import Request.
  Time since last request: 62.123306 seconds.
  path: Assets/Scripts/GameController.cs
  artifactKey: Guid(1d771b3df15bc394394d5219eb25fe41) Importer(815301076,1909f56bfc062723c751e8b465ee728b)
Start importing Assets/Scripts/GameController.cs using Guid(1d771b3df15bc394394d5219eb25fe41) Importer(815301076,1909f56bfc062723c751e8b465ee728b)  -> (artifact id: 'ac1411bce8d9a15e1ba0c707d63605e2') in 0.005942 seconds
  Import took 0.029849 seconds .

========================================================================
Received Import Request.
  Time since last request: 16.526636 seconds.
  path: Assets/Scripts/GameController.cs
  artifactKey: Guid(1d771b3df15bc394394d5219eb25fe41) Importer(815301076,1909f56bfc062723c751e8b465ee728b)
Start importing Assets/Scripts/GameController.cs using Guid(1d771b3df15bc394394d5219eb25fe41) Importer(815301076,1909f56bfc062723c751e8b465ee728b)  -> (artifact id: '88d69b5d9d029f3796b444e7d61474e6') in 0.002314 seconds
  Import took 0.145400 seconds .

========================================================================
Received Prepare
Registering precompiled user dll's ...
Registered in 0.001097 seconds.
Begin MonoManager ReloadAssembly
Native extension for WindowsStandalone target not found
Refreshing native plugins compatible for Editor in 0.38 ms, found 1 plugins.
Preloading 0 native plugins for Editor in 0.00 ms.
Invoked RoslynAnalysisRunner static constructor.
RoslynAnalysisRunner will not be running.
RoslynAnalysisRunner has terminated.
Mono: successfully reloaded assembly
- Completed reload, in  1.246 seconds
Platform modules already initialized, skipping
Refreshing native plugins compatible for Editor in 0.35 ms, found 1 plugins.
Preloading 0 native plugins for Editor in 0.00 ms.
Unloading 1792 Unused Serialized files (Serialized files now loaded: 0)
System memory in use before: 88.7 MB.
System memory in use after: 88.7 MB.

Unloading 12 unused Assets to reduce memory usage. Loaded Objects now: 2300.
Total: 2.440500 ms (FindLiveObjects: 0.192600 ms CreateObjectMapping: 0.075300 ms MarkObjects: 2.057500 ms  DeleteObjects: 0.114000 ms)

========================================================================
Received Prepare
Registering precompiled user dll's ...
Registered in 0.000959 seconds.
Begin MonoManager ReloadAssembly
Native extension for WindowsStandalone target not found
Refreshing native plugins compatible for Editor in 0.43 ms, found 1 plugins.
Preloading 0 native plugins for Editor in 0.00 ms.
Invoked RoslynAnalysisRunner static constructor.
RoslynAnalysisRunner will not be running.
RoslynAnalysisRunner has terminated.
Mono: successfully reloaded assembly
- Completed reload, in  1.216 seconds
Platform modules already initialized, skipping
Refreshing native plugins compatible for Editor in 0.43 ms, found 1 plugins.
Preloading 0 native plugins for Editor in 0.00 ms.
Unloading 1792 Unused Serialized files (Serialized files now loaded: 0)
System memory in use before: 88.7 MB.
System memory in use after: 88.7 MB.

Unloading 12 unused Assets to reduce memory usage. Loaded Objects now: 2303.
Total: 2.174300 ms (FindLiveObjects: 0.261500 ms CreateObjectMapping: 0.096300 ms MarkObjects: 1.681700 ms  DeleteObjects: 0.109300 ms)

========================================================================
Received Prepare
Registering precompiled user dll's ...
Registered in 0.001126 seconds.
Begin MonoManager ReloadAssembly
Native extension for WindowsStandalone target not found
Refreshing native plugins compatible for Editor in 0.39 ms, found 1 plugins.
Preloading 0 native plugins for Editor in 0.00 ms.
Invoked RoslynAnalysisRunner static constructor.
RoslynAnalysisRunner will not be running.
RoslynAnalysisRunner has terminated.
Mono: successfully reloaded assembly
- Completed reload, in  1.099 seconds
Platform modules already initialized, skipping
Refreshing native plugins compatible for Editor in 0.61 ms, found 1 plugins.
Preloading 0 native plugins for Editor in 0.00 ms.
Unloading 1792 Unused Serialized files (Serialized files now loaded: 0)
System memory in use before: 88.8 MB.
System memory in use after: 88.8 MB.

Unloading 12 unused Assets to reduce memory usage. Loaded Objects now: 2306.
Total: 2.813600 ms (FindLiveObjects: 0.320000 ms CreateObjectMapping: 0.091000 ms MarkObjects: 2.279000 ms  DeleteObjects: 0.121500 ms)

========================================================================
Received Prepare
Registering precompiled user dll's ...
Registered in 0.000862 seconds.
Begin MonoManager ReloadAssembly
Native extension for WindowsStandalone target not found
Refreshing native plugins compatible for Editor in 0.61 ms, found 1 plugins.
Preloading 0 native plugins for Editor in 0.00 ms.
Invoked RoslynAnalysisRunner static constructor.
RoslynAnalysisRunner will not be running.
RoslynAnalysisRunner has terminated.
Mono: successfully reloaded assembly
- Completed reload, in  1.105 seconds
Platform modules already initialized, skipping
Refreshing native plugins compatible for Editor in 0.38 ms, found 1 plugins.
Preloading 0 native plugins for Editor in 0.00 ms.
Unloading 1792 Unused Serialized files (Serialized files now loaded: 0)
System memory in use before: 88.9 MB.
System memory in use after: 88.9 MB.

Unloading 12 unused Assets to reduce memory usage. Loaded Objects now: 2309.
Total: 2.668200 ms (FindLiveObjects: 0.255600 ms CreateObjectMapping: 0.109900 ms MarkObjects: 2.171000 ms  DeleteObjects: 0.130000 ms)

========================================================================
Received Import Request.
  Time since last request: 830.965356 seconds.
  path: Assets/Scripts/ShipController.cs
  artifactKey: Guid(fcfbbfaf18a9b7e418d3ec741503fcf1) Importer(815301076,1909f56bfc062723c751e8b465ee728b)
Start importing Assets/Scripts/ShipController.cs using Guid(fcfbbfaf18a9b7e418d3ec741503fcf1) Importer(815301076,1909f56bfc062723c751e8b465ee728b)  -> (artifact id: 'd880abb60194db535e9adb07c97f5e33') in 0.023869 seconds
  Import took 0.027877 seconds .

========================================================================
Received Prepare
Registering precompiled user dll's ...
Registered in 0.001377 seconds.
Begin MonoManager ReloadAssembly
Native extension for WindowsStandalone target not found
Refreshing native plugins compatible for Editor in 0.56 ms, found 1 plugins.
Preloading 0 native plugins for Editor in 0.00 ms.
Invoked RoslynAnalysisRunner static constructor.
RoslynAnalysisRunner will not be running.
RoslynAnalysisRunner has terminated.
Mono: successfully reloaded assembly
- Completed reload, in  1.114 seconds
Platform modules already initialized, skipping
Refreshing native plugins compatible for Editor in 0.40 ms, found 1 plugins.
Preloading 0 native plugins for Editor in 0.00 ms.
Unloading 1792 Unused Serialized files (Serialized files now loaded: 0)
System memory in use before: 88.9 MB.
System memory in use after: 88.9 MB.

Unloading 12 unused Assets to reduce memory usage. Loaded Objects now: 2312.
Total: 2.623400 ms (FindLiveObjects: 0.375600 ms CreateObjectMapping: 0.120300 ms MarkObjects: 2.014300 ms  DeleteObjects: 0.111600 ms)

========================================================================
Received Import Request.
  Time since last request: 11.503741 seconds.
  path: Assets/Scripts/ShipController.cs
  artifactKey: Guid(fcfbbfaf18a9b7e418d3ec741503fcf1) Importer(815301076,1909f56bfc062723c751e8b465ee728b)
Start importing Assets/Scripts/ShipController.cs using Guid(fcfbbfaf18a9b7e418d3ec741503fcf1) Importer(815301076,1909f56bfc062723c751e8b465ee728b)  -> (artifact id: '41120e92ddf817965ebb770c65f3b148') in 0.003816 seconds
  Import took 0.023266 seconds .

========================================================================
Received Prepare
Registering precompiled user dll's ...
Registered in 0.000904 seconds.
Begin MonoManager ReloadAssembly
Native extension for WindowsStandalone target not found
Refreshing native plugins compatible for Editor in 0.36 ms, found 1 plugins.
Preloading 0 native plugins for Editor in 0.00 ms.
Invoked RoslynAnalysisRunner static constructor.
RoslynAnalysisRunner will not be running.
RoslynAnalysisRunner has terminated.
Mono: successfully reloaded assembly
- Completed reload, in  1.055 seconds
Platform modules already initialized, skipping
Refreshing native plugins compatible for Editor in 0.36 ms, found 1 plugins.
Preloading 0 native plugins for Editor in 0.00 ms.
Unloading 1792 Unused Serialized files (Serialized files now loaded: 0)
System memory in use before: 89.0 MB.
System memory in use after: 89.0 MB.

Unloading 12 unused Assets to reduce memory usage. Loaded Objects now: 2315.
Total: 2.608100 ms (FindLiveObjects: 0.310700 ms CreateObjectMapping: 0.084500 ms MarkObjects: 2.100100 ms  DeleteObjects: 0.111300 ms)

========================================================================
Received Import Request.
  Time since last request: 40.555681 seconds.
  path: Assets/Prefabs/large-asteroid.prefab
  artifactKey: Guid(5dffd90b4ff0c7146bc896e58444a98c) Importer(815301076,1909f56bfc062723c751e8b465ee728b)
Start importing Assets/Prefabs/large-asteroid.prefab using Guid(5dffd90b4ff0c7146bc896e58444a98c) Importer(815301076,1909f56bfc062723c751e8b465ee728b)  -> (artifact id: '5594bf35fce57b0abb8b48dc34888b81') in 0.062853 seconds
  Import took 0.094283 seconds .

========================================================================
Received Prepare
Registering precompiled user dll's ...
Registered in 0.001181 seconds.
Begin MonoManager ReloadAssembly
Native extension for WindowsStandalone target not found
Refreshing native plugins compatible for Editor in 0.37 ms, found 1 plugins.
Preloading 0 native plugins for Editor in 0.00 ms.
Invoked RoslynAnalysisRunner static constructor.
RoslynAnalysisRunner will not be running.
RoslynAnalysisRunner has terminated.
Mono: successfully reloaded assembly
- Completed reload, in  1.079 seconds
Platform modules already initialized, skipping
Refreshing native plugins compatible for Editor in 0.39 ms, found 1 plugins.
Preloading 0 native plugins for Editor in 0.00 ms.
Unloading 1792 Unused Serialized files (Serialized files now loaded: 0)
System memory in use before: 89.1 MB.
System memory in use after: 89.1 MB.

Unloading 12 unused Assets to reduce memory usage. Loaded Objects now: 2319.
Total: 2.267100 ms (FindLiveObjects: 0.189800 ms CreateObjectMapping: 0.073300 ms MarkObjects: 1.889300 ms  DeleteObjects: 0.113600 ms)

========================================================================
Received Import Request.
  Time since last request: 160.483495 seconds.
  path: Assets/Prefabs/large-asteroid.prefab
  artifactKey: Guid(5dffd90b4ff0c7146bc896e58444a98c) Importer(815301076,1909f56bfc062723c751e8b465ee728b)
Start importing Assets/Prefabs/large-asteroid.prefab using Guid(5dffd90b4ff0c7146bc896e58444a98c) Importer(815301076,1909f56bfc062723c751e8b465ee728b)  -> (artifact id: '9be1cebc3f8c6c2523ecf2b9074f57b3') in 0.066024 seconds
  Import took 0.069906 seconds .

========================================================================
Received Prepare
Registering precompiled user dll's ...
Registered in 0.001039 seconds.
Begin MonoManager ReloadAssembly
Native extension for WindowsStandalone target not found
Refreshing native plugins compatible for Editor in 0.39 ms, found 1 plugins.
Preloading 0 native plugins for Editor in 0.00 ms.
Invoked RoslynAnalysisRunner static constructor.
RoslynAnalysisRunner will not be running.
RoslynAnalysisRunner has terminated.
Mono: successfully reloaded assembly
- Completed reload, in  1.395 seconds
Platform modules already initialized, skipping
Refreshing native plugins compatible for Editor in 0.37 ms, found 1 plugins.
Preloading 0 native plugins for Editor in 0.00 ms.
Unloading 1792 Unused Serialized files (Serialized files now loaded: 0)
System memory in use before: 89.1 MB.
System memory in use after: 89.1 MB.

Unloading 12 unused Assets to reduce memory usage. Loaded Objects now: 2323.
Total: 3.114500 ms (FindLiveObjects: 0.230300 ms CreateObjectMapping: 0.083000 ms MarkObjects: 2.650900 ms  DeleteObjects: 0.148300 ms)

========================================================================
Received Import Request.
  Time since last request: 6.303222 seconds.
  path: Assets/Prefabs/small-asteroid.prefab
  artifactKey: Guid(7d950fa094be47643b51985c52d0dfa2) Importer(815301076,1909f56bfc062723c751e8b465ee728b)
Start importing Assets/Prefabs/small-asteroid.prefab using Guid(7d950fa094be47643b51985c52d0dfa2) Importer(815301076,1909f56bfc062723c751e8b465ee728b)  -> (artifact id: 'b7313527d29b011d9789f86af780e9fa') in 0.123538 seconds
  Import took 0.150665 seconds .

========================================================================
Received Prepare
Registering precompiled user dll's ...
Registered in 0.001216 seconds.
Begin MonoManager ReloadAssembly
Native extension for WindowsStandalone target not found
Refreshing native plugins compatible for Editor in 0.51 ms, found 1 plugins.
Preloading 0 native plugins for Editor in 0.00 ms.
Invoked RoslynAnalysisRunner static constructor.
RoslynAnalysisRunner will not be running.
RoslynAnalysisRunner has terminated.
Mono: successfully reloaded assembly
- Completed reload, in  1.269 seconds
Platform modules already initialized, skipping
Refreshing native plugins compatible for Editor in 0.59 ms, found 1 plugins.
Preloading 0 native plugins for Editor in 0.00 ms.
Unloading 1792 Unused Serialized files (Serialized files now loaded: 0)
System memory in use before: 89.2 MB.
System memory in use after: 89.2 MB.

Unloading 12 unused Assets to reduce memory usage. Loaded Objects now: 2327.
Total: 2.820200 ms (FindLiveObjects: 0.233200 ms CreateObjectMapping: 0.096300 ms MarkObjects: 2.368700 ms  DeleteObjects: 0.120200 ms)

========================================================================
Received Prepare
Registering precompiled user dll's ...
Registered in 0.001286 seconds.
Begin MonoManager ReloadAssembly
Native extension for WindowsStandalone target not found
Refreshing native plugins compatible for Editor in 0.45 ms, found 1 plugins.
Preloading 0 native plugins for Editor in 0.00 ms.
Invoked RoslynAnalysisRunner static constructor.
RoslynAnalysisRunner will not be running.
RoslynAnalysisRunner has terminated.
Mono: successfully reloaded assembly
- Completed reload, in  1.299 seconds
Platform modules already initialized, skipping
Refreshing native plugins compatible for Editor in 0.37 ms, found 1 plugins.
Preloading 0 native plugins for Editor in 0.00 ms.
Unloading 1792 Unused Serialized files (Serialized files now loaded: 0)
System memory in use before: 89.3 MB.
System memory in use after: 89.3 MB.

Unloading 12 unused Assets to reduce memory usage. Loaded Objects now: 2330.
Total: 2.323300 ms (FindLiveObjects: 0.216400 ms CreateObjectMapping: 0.076600 ms MarkObjects: 1.895800 ms  DeleteObjects: 0.133300 ms)

========================================================================
Received Prepare
Registering precompiled user dll's ...
Registered in 0.001062 seconds.
Begin MonoManager ReloadAssembly
Native extension for WindowsStandalone target not found
Refreshing native plugins compatible for Editor in 0.34 ms, found 1 plugins.
Preloading 0 native plugins for Editor in 0.00 ms.
Invoked RoslynAnalysisRunner static constructor.
RoslynAnalysisRunner will not be running.
RoslynAnalysisRunner has terminated.
Mono: successfully reloaded assembly
- Completed reload, in  1.112 seconds
Platform modules already initialized, skipping
Refreshing native plugins compatible for Editor in 0.38 ms, found 1 plugins.
Preloading 0 native plugins for Editor in 0.00 ms.
Unloading 1792 Unused Serialized files (Serialized files now loaded: 0)
System memory in use before: 89.4 MB.
System memory in use after: 89.4 MB.

Unloading 12 unused Assets to reduce memory usage. Loaded Objects now: 2333.
Total: 2.256300 ms (FindLiveObjects: 0.222300 ms CreateObjectMapping: 0.083000 ms MarkObjects: 1.831800 ms  DeleteObjects: 0.117700 ms)

========================================================================
Received Prepare
Registering precompiled user dll's ...
Registered in 0.000865 seconds.
Begin MonoManager ReloadAssembly
Native extension for WindowsStandalone target not found
Refreshing native plugins compatible for Editor in 0.39 ms, found 1 plugins.
Preloading 0 native plugins for Editor in 0.00 ms.
Invoked RoslynAnalysisRunner static constructor.
RoslynAnalysisRunner will not be running.
RoslynAnalysisRunner has terminated.
Mono: successfully reloaded assembly
- Completed reload, in  1.051 seconds
Platform modules already initialized, skipping
Refreshing native plugins compatible for Editor in 0.53 ms, found 1 plugins.
Preloading 0 native plugins for Editor in 0.00 ms.
Unloading 1792 Unused Serialized files (Serialized files now loaded: 0)
System memory in use before: 89.4 MB.
System memory in use after: 89.4 MB.

Unloading 12 unused Assets to reduce memory usage. Loaded Objects now: 2336.
Total: 2.575600 ms (FindLiveObjects: 0.252500 ms CreateObjectMapping: 0.099800 ms MarkObjects: 2.105800 ms  DeleteObjects: 0.116300 ms)

========================================================================
Received Prepare
Registering precompiled user dll's ...
Registered in 0.001942 seconds.
Begin MonoManager ReloadAssembly
Native extension for WindowsStandalone target not found
Refreshing native plugins compatible for Editor in 0.37 ms, found 1 plugins.
Preloading 0 native plugins for Editor in 0.00 ms.
Invoked RoslynAnalysisRunner static constructor.
RoslynAnalysisRunner will not be running.
RoslynAnalysisRunner has terminated.
Mono: successfully reloaded assembly
- Completed reload, in  1.118 seconds
Platform modules already initialized, skipping
Refreshing native plugins compatible for Editor in 0.36 ms, found 1 plugins.
Preloading 0 native plugins for Editor in 0.00 ms.
Unloading 1792 Unused Serialized files (Serialized files now loaded: 0)
System memory in use before: 89.5 MB.
System memory in use after: 89.5 MB.

Unloading 12 unused Assets to reduce memory usage. Loaded Objects now: 2339.
Total: 2.228200 ms (FindLiveObjects: 0.207900 ms CreateObjectMapping: 0.077400 ms MarkObjects: 1.828400 ms  DeleteObjects: 0.112900 ms)

========================================================================
Received Import Request.
  Time since last request: 547.250343 seconds.
  path: Assets/Scripts/ShipController.cs
  artifactKey: Guid(fcfbbfaf18a9b7e418d3ec741503fcf1) Importer(815301076,1909f56bfc062723c751e8b465ee728b)
Start importing Assets/Scripts/ShipController.cs using Guid(fcfbbfaf18a9b7e418d3ec741503fcf1) Importer(815301076,1909f56bfc062723c751e8b465ee728b)  -> (artifact id: '715b64259ff8bddfd9418b4bf48ba366') in 0.005168 seconds
  Import took 0.036930 seconds .

========================================================================
Received Prepare
Registering precompiled user dll's ...
Registered in 0.001398 seconds.
Begin MonoManager ReloadAssembly
Native extension for WindowsStandalone target not found
Refreshing native plugins compatible for Editor in 0.40 ms, found 1 plugins.
Preloading 0 native plugins for Editor in 0.00 ms.
Invoked RoslynAnalysisRunner static constructor.
RoslynAnalysisRunner will not be running.
RoslynAnalysisRunner has terminated.
Mono: successfully reloaded assembly
- Completed reload, in  1.071 seconds
Platform modules already initialized, skipping
Refreshing native plugins compatible for Editor in 0.42 ms, found 1 plugins.
Preloading 0 native plugins for Editor in 0.00 ms.
Unloading 1792 Unused Serialized files (Serialized files now loaded: 0)
System memory in use before: 89.6 MB.
System memory in use after: 89.6 MB.

Unloading 12 unused Assets to reduce memory usage. Loaded Objects now: 2342.
Total: 2.195000 ms (FindLiveObjects: 0.209900 ms CreateObjectMapping: 0.074400 ms MarkObjects: 1.800300 ms  DeleteObjects: 0.109400 ms)

AssetImportWorkerClient::OnTransportError - code=2 error=End of file
