Using pre-set license
Built from '2020.2/release' branch; Version is '2020.2.2f1 (068178b99f32) revision 426360'; Using compiler version '192528614'; Build Type 'Release'
OS: 'Windows 10 Education; OS build 19042.867; Version 2009; 64bit' Language: 'en' Physical Memory: 8129 MB
BatchMode: 1, IsHumanControllingUs: 0, StartBugReporterOnCrash: 0, Is64bit: 1, IsPro: 0

 COMMAND LINE ARGUMENTS:
D:\2020.2.2f1\Editor\Unity.exe
-adb2
-batchMode
-noUpm
-name
AssetImportWorker0
-projectPath
D:/unity projects/Asteroid
-logFile
Logs/AssetImportWorker0.log
-srvPort
50014
Successfully changed project path to: D:/unity projects/Asteroid
D:/unity projects/Asteroid
Using Asset Import Pipeline V2.
Refreshing native plugins compatible for Editor in 49.64 ms, found 1 plugins.
Preloading 0 native plugins for Editor in 0.00 ms.
Initialize engine version: 2020.2.2f1 (068178b99f32)
[Subsystems] Discovering subsystems at path D:/2020.2.2f1/Editor/Data/Resources/UnitySubsystems
[Subsystems] Discovering subsystems at path D:/unity projects/Asteroid/Assets
GfxDevice: creating device client; threaded=0
Direct3D:
    Version:  Direct3D 11.0 [level 11.1]
    Renderer: NVIDIA GeForce GTX 1060 6GB (ID=0x1c03)
    Vendor:   
    VRAM:     6052 MB
    Driver:   27.21.14.6192
Initialize mono
Mono path[0] = 'D:/2020.2.2f1/Editor/Data/Managed'
Mono path[1] = 'D:/2020.2.2f1/Editor/Data/MonoBleedingEdge/lib/mono/unityjit'
Mono config path = 'D:/2020.2.2f1/Editor/Data/MonoBleedingEdge/etc'
Using monoOptions --debugger-agent=transport=dt_socket,embedding=1,server=y,suspend=n,address=127.0.0.1:56408
Begin MonoManager ReloadAssembly
Registering precompiled unity dll's ...
Register platform support module: D:/2020.2.2f1/Editor/Data/PlaybackEngines/WindowsStandaloneSupport/UnityEditor.WindowsStandalone.Extensions.dll
Registered in 0.001193 seconds.
Native extension for WindowsStandalone target not found
Refreshing native plugins compatible for Editor in 47.63 ms, found 1 plugins.
Preloading 0 native plugins for Editor in 0.00 ms.
Invoked RoslynAnalysisRunner static constructor.
RoslynAnalysisRunner will not be running.
RoslynAnalysisRunner has terminated.
Mono: successfully reloaded assembly
- Completed reload, in  1.335 seconds
Platform modules already initialized, skipping
Registering precompiled user dll's ...
Registered in 0.001098 seconds.
Begin MonoManager ReloadAssembly
Native extension for WindowsStandalone target not found
Refreshing native plugins compatible for Editor in 48.05 ms, found 1 plugins.
Preloading 0 native plugins for Editor in 0.00 ms.
Invoked RoslynAnalysisRunner static constructor.
RoslynAnalysisRunner will not be running.
RoslynAnalysisRunner has terminated.
Mono: successfully reloaded assembly
- Completed reload, in  1.217 seconds
Platform modules already initialized, skipping
========================================================================
Worker process is ready to serve import requests
Launched and connected shader compiler UnityShaderCompiler.exe after 0.06 seconds
Refreshing native plugins compatible for Editor in 0.45 ms, found 1 plugins.
Preloading 0 native plugins for Editor in 0.00 ms.
Unloading 1792 Unused Serialized files (Serialized files now loaded: 0)
System memory in use before: 84.2 MB.
System memory in use after: 84.2 MB.

Unloading 24 unused Assets to reduce memory usage. Loaded Objects now: 2233.
Total: 2.421400 ms (FindLiveObjects: 0.248600 ms CreateObjectMapping: 0.101500 ms MarkObjects: 1.932100 ms  DeleteObjects: 0.137100 ms)

========================================================================
Received Import Request.
  path: Assets
  artifactKey: Guid(00000000000000001000000000000000) Importer(815301076,1909f56bfc062723c751e8b465ee728b)
Start importing Assets using Guid(00000000000000001000000000000000) Importer(815301076,1909f56bfc062723c751e8b465ee728b)  -> (artifact id: '4a6e520b92ccfc61bcfa21a7bcab8468') in 0.019346 seconds
  Import took 0.034077 seconds .

========================================================================
Received Import Request.
  Time since last request: 5.207806 seconds.
  path: Assets
  artifactKey: Guid(00000000000000001000000000000000) Importer(815301076,1909f56bfc062723c751e8b465ee728b)
Start importing Assets using Guid(00000000000000001000000000000000) Importer(815301076,1909f56bfc062723c751e8b465ee728b)  -> (artifact id: '4a6e520b92ccfc61bcfa21a7bcab8468') in 0.001729 seconds
  Import took 0.005218 seconds .

========================================================================
Received Import Request.
  Time since last request: 7.939847 seconds.
  path: Assets/Sprites
  artifactKey: Guid(02134ae972e68974a857a740a06cd62e) Importer(815301076,1909f56bfc062723c751e8b465ee728b)
Start importing Assets/Sprites using Guid(02134ae972e68974a857a740a06cd62e) Importer(815301076,1909f56bfc062723c751e8b465ee728b)  -> (artifact id: '78ea6a44375e2be6c994a5dbe69021ca') in 0.001630 seconds
  Import took 0.009718 seconds .

========================================================================
Received Import Request.
  Time since last request: 62.538405 seconds.
  path: Assets/Sprites/bullet.png
  artifactKey: Guid(1d326e867cbeb4a439609882eea72e92) Importer(815301076,1909f56bfc062723c751e8b465ee728b)
Start importing Assets/Sprites/bullet.png using Guid(1d326e867cbeb4a439609882eea72e92) Importer(815301076,1909f56bfc062723c751e8b465ee728b)  -> (artifact id: '76e12a9654217fb01bf8a79daa77cf49') in 0.225267 seconds
  Import took 0.244293 seconds .

========================================================================
Received Import Request.
  Time since last request: 0.000369 seconds.
  path: Assets/Sprites/large-asteroid.png
  artifactKey: Guid(d19d90deda0e16e4b8bbe91d804b0ca8) Importer(815301076,1909f56bfc062723c751e8b465ee728b)
Start importing Assets/Sprites/large-asteroid.png using Guid(d19d90deda0e16e4b8bbe91d804b0ca8) Importer(815301076,1909f56bfc062723c751e8b465ee728b)  -> (artifact id: '173ac10d7c55565821571f25030e41b1') in 0.015114 seconds
  Import took 0.024301 seconds .

========================================================================
Received Import Request.
  Time since last request: 0.000311 seconds.
  path: Assets/Sprites/ship.png
  artifactKey: Guid(2c6c7e93246b5434e9b0913c0136f240) Importer(815301076,1909f56bfc062723c751e8b465ee728b)
Start importing Assets/Sprites/ship.png using Guid(2c6c7e93246b5434e9b0913c0136f240) Importer(815301076,1909f56bfc062723c751e8b465ee728b)  -> (artifact id: '1762b990360dd2138e86f006be59dbf3') in 0.011861 seconds
  Import took 0.015564 seconds .

========================================================================
Received Import Request.
  Time since last request: 0.000324 seconds.
  path: Assets/Sprites/small-asteroid.png
  artifactKey: Guid(0e34ac722b929e44f9ebb60a9ffe1d50) Importer(815301076,1909f56bfc062723c751e8b465ee728b)
Start importing Assets/Sprites/small-asteroid.png using Guid(0e34ac722b929e44f9ebb60a9ffe1d50) Importer(815301076,1909f56bfc062723c751e8b465ee728b)  -> (artifact id: 'f5dab42d66ddb2fec8055bba52809e53') in 0.010486 seconds
  Import took 0.024625 seconds .

========================================================================
Received Import Request.
  Time since last request: 0.003677 seconds.
  path: Assets/Sprites/small-asteroid.png
  artifactKey: Guid(0e34ac722b929e44f9ebb60a9ffe1d50) Importer(815301076,1909f56bfc062723c751e8b465ee728b)
Start importing Assets/Sprites/small-asteroid.png using Guid(0e34ac722b929e44f9ebb60a9ffe1d50) Importer(815301076,1909f56bfc062723c751e8b465ee728b)  -> (artifact id: 'f5dab42d66ddb2fec8055bba52809e53') in 0.012300 seconds
  Import took 0.016464 seconds .

========================================================================
Received Import Request.
  Time since last request: 81.198772 seconds.
  path: Assets/Prefabs
  artifactKey: Guid(773a37fe0c695884a941071687fa90f2) Importer(815301076,1909f56bfc062723c751e8b465ee728b)
Start importing Assets/Prefabs using Guid(773a37fe0c695884a941071687fa90f2) Importer(815301076,1909f56bfc062723c751e8b465ee728b)  -> (artifact id: '569a8d76c64d025ba92959cc1939dcf8') in 0.001619 seconds
  Import took 0.007068 seconds .

========================================================================
Received Import Request.
  Time since last request: 84.261788 seconds.
  path: Assets/Scripts
  artifactKey: Guid(6cef53bc438e60c41a550d4791f943b5) Importer(815301076,1909f56bfc062723c751e8b465ee728b)
Start importing Assets/Scripts using Guid(6cef53bc438e60c41a550d4791f943b5) Importer(815301076,1909f56bfc062723c751e8b465ee728b)  -> (artifact id: '919ae689da8766d2bba69986f18ac0b3') in 0.001722 seconds
  Import took 0.006414 seconds .

========================================================================
Received Import Request.
  Time since last request: 13.628765 seconds.
  path: Assets/Physics Materials
  artifactKey: Guid(4ab60660808bbc043b2dec8905898538) Importer(815301076,1909f56bfc062723c751e8b465ee728b)
Start importing Assets/Physics Materials using Guid(4ab60660808bbc043b2dec8905898538) Importer(815301076,1909f56bfc062723c751e8b465ee728b)  -> (artifact id: '9136a214883bdf3254c2360fbc44a30a') in 0.002589 seconds
  Import took 0.005787 seconds .

========================================================================
Received Import Request.
  Time since last request: 303.812283 seconds.
  path: Assets/Physics Materials/New Physics Material 2D.physicsMaterial2D
  artifactKey: Guid(45f2b0b56e46ec44e9ff2e301967a69d) Importer(815301076,1909f56bfc062723c751e8b465ee728b)
Start importing Assets/Physics Materials/New Physics Material 2D.physicsMaterial2D using Guid(45f2b0b56e46ec44e9ff2e301967a69d) Importer(815301076,1909f56bfc062723c751e8b465ee728b)  -> (artifact id: '13f9c2b1f76a70ce10f50b6c9679eade') in 0.010957 seconds
  Import took 0.023138 seconds .

========================================================================
Received Import Request.
  Time since last request: 28.020295 seconds.
  path: Assets/Physics Materials/Asteroids Material.physicsMaterial2D
  artifactKey: Guid(45f2b0b56e46ec44e9ff2e301967a69d) Importer(815301076,1909f56bfc062723c751e8b465ee728b)
Start importing Assets/Physics Materials/Asteroids Material.physicsMaterial2D using Guid(45f2b0b56e46ec44e9ff2e301967a69d) Importer(815301076,1909f56bfc062723c751e8b465ee728b)  -> (artifact id: '6fc4648f5142dbd2db000fa42291c01d') in 0.003911 seconds
  Import took 0.008162 seconds .

========================================================================
Received Import Request.
  Time since last request: 0.006876 seconds.
  path: Assets/Physics Materials/Asteroids Material.physicsMaterial2D
  artifactKey: Guid(45f2b0b56e46ec44e9ff2e301967a69d) Importer(815301076,1909f56bfc062723c751e8b465ee728b)
Start importing Assets/Physics Materials/Asteroids Material.physicsMaterial2D using Guid(45f2b0b56e46ec44e9ff2e301967a69d) Importer(815301076,1909f56bfc062723c751e8b465ee728b)  -> (artifact id: '6fc4648f5142dbd2db000fa42291c01d') in 0.002069 seconds
  Import took 0.008584 seconds .

========================================================================
Received Prepare
Registering precompiled user dll's ...
Registered in 0.001575 seconds.
Begin MonoManager ReloadAssembly
Native extension for WindowsStandalone target not found
Refreshing native plugins compatible for Editor in 0.38 ms, found 1 plugins.
Preloading 0 native plugins for Editor in 0.00 ms.
Invoked RoslynAnalysisRunner static constructor.
RoslynAnalysisRunner will not be running.
RoslynAnalysisRunner has terminated.
Mono: successfully reloaded assembly
- Completed reload, in  1.206 seconds
Platform modules already initialized, skipping
Refreshing native plugins compatible for Editor in 0.53 ms, found 1 plugins.
Preloading 0 native plugins for Editor in 0.00 ms.
Unloading 1787 Unused Serialized files (Serialized files now loaded: 0)
System memory in use before: 87.3 MB.
System memory in use after: 87.3 MB.

Unloading 12 unused Assets to reduce memory usage. Loaded Objects now: 2246.
Total: 2.551800 ms (FindLiveObjects: 0.252900 ms CreateObjectMapping: 0.079400 ms MarkObjects: 2.103700 ms  DeleteObjects: 0.114000 ms)

========================================================================
Received Prepare
Registering precompiled user dll's ...
Registered in 0.001004 seconds.
Begin MonoManager ReloadAssembly
Native extension for WindowsStandalone target not found
Refreshing native plugins compatible for Editor in 0.40 ms, found 1 plugins.
Preloading 0 native plugins for Editor in 0.00 ms.
Invoked RoslynAnalysisRunner static constructor.
RoslynAnalysisRunner will not be running.
RoslynAnalysisRunner has terminated.
Mono: successfully reloaded assembly
- Completed reload, in  1.159 seconds
Platform modules already initialized, skipping
Refreshing native plugins compatible for Editor in 0.35 ms, found 1 plugins.
Preloading 0 native plugins for Editor in 0.00 ms.
Unloading 1787 Unused Serialized files (Serialized files now loaded: 0)
System memory in use before: 87.4 MB.
System memory in use after: 87.4 MB.

Unloading 12 unused Assets to reduce memory usage. Loaded Objects now: 2249.
Total: 2.543100 ms (FindLiveObjects: 0.206300 ms CreateObjectMapping: 0.077400 ms MarkObjects: 2.138900 ms  DeleteObjects: 0.118600 ms)

========================================================================
Received Import Request.
  Time since last request: 112.681271 seconds.
  path: Assets/Scripts/Euclidean Torus.cs
  artifactKey: Guid(b7ef53944067f604abd9cadca9043a77) Importer(815301076,1909f56bfc062723c751e8b465ee728b)
Start importing Assets/Scripts/Euclidean Torus.cs using Guid(b7ef53944067f604abd9cadca9043a77) Importer(815301076,1909f56bfc062723c751e8b465ee728b)  -> (artifact id: 'b7ad5f7ef0afa60ee44fb236ff62463f') in 0.376646 seconds
  Import took 0.381498 seconds .

========================================================================
Received Prepare
Registering precompiled user dll's ...
Registered in 0.001697 seconds.
Begin MonoManager ReloadAssembly
Native extension for WindowsStandalone target not found
Refreshing native plugins compatible for Editor in 0.36 ms, found 1 plugins.
Preloading 0 native plugins for Editor in 0.00 ms.
Invoked RoslynAnalysisRunner static constructor.
RoslynAnalysisRunner will not be running.
RoslynAnalysisRunner has terminated.
Mono: successfully reloaded assembly
- Completed reload, in  1.260 seconds
Platform modules already initialized, skipping
Refreshing native plugins compatible for Editor in 0.40 ms, found 1 plugins.
Preloading 0 native plugins for Editor in 0.00 ms.
Unloading 1788 Unused Serialized files (Serialized files now loaded: 0)
System memory in use before: 87.5 MB.
System memory in use after: 87.5 MB.

Unloading 12 unused Assets to reduce memory usage. Loaded Objects now: 2253.
Total: 3.243300 ms (FindLiveObjects: 0.174700 ms CreateObjectMapping: 0.067800 ms MarkObjects: 2.883200 ms  DeleteObjects: 0.116200 ms)

AssetImportWorkerClient::OnTransportError - code=2 error=End of file
